<?xml version="1.0" encoding="utf-8"?><testsuites name="pytest tests"><testsuite name="pytest" errors="0" failures="0" skipped="0" tests="3" time="29.575" timestamp="2026-01-23T17:44:01.327538+05:30" hostname="DESKTOP-6U09V2E"><testcase classname="tests.test_api" name="test_health_check" time="25.038" /><testcase classname="tests.test_api" name="test_analyze_frame_no_image" time="0.002" /><testcase classname="tests.test_api" name="test_analyze_frame_with_image" time="0.306" /></testsuite></testsuites>